2023-12-29T09:03:40+00:00 CRITICAL Uncaught TypeError: call_user_func_array(): Argument #1 ($callback) must be a valid callback, function "woocommerce_output_all_notices" not found or invalid function name in /var/www/html/wp-includes/class-wp-hook.php:324
Stack trace:
#0 /var/www/html/wp-includes/class-wp-hook.php(348): WP_Hook->apply_filters('', Array)
#1 /var/www/html/wp-includes/plugin.php(517): WP_Hook->do_action(Array)
#2 /var/www/html/wp-content/themes/hello-elementor-child/woocommerce/cart/cart.php(21): do_action('woocommerce_bef...')
#3 /var/www/html/wp-content/themes/hello-elementor-child/functions.php(61): require_once('/var/www/html/w...')
#4 /var/www/html/wp-settings.php(611): include('/var/www/html/w...')
#5 /var/www/html/wp-config.php(133): require_once('/var/www/html/w...')
#6 /var/www/html/wp-load.php(50): require_once('/var/www/html/w...')
#7 /var/www/html/wp-blog-header.php(13): require_once('/var/www/html/w...')
#8 /var/www/html/index.php(17): require('/var/www/html/w...')
#9 {main}
  thrown in /var/www/html/wp-includes/class-wp-hook.php on line 324

2023-12-29T09:03:41+00:00 CRITICAL Uncaught TypeError: call_user_func_array(): Argument #1 ($callback) must be a valid callback, function "woocommerce_output_all_notices" not found or invalid function name in /var/www/html/wp-includes/class-wp-hook.php:324
Stack trace:
#0 /var/www/html/wp-includes/class-wp-hook.php(348): WP_Hook->apply_filters('', Array)
#1 /var/www/html/wp-includes/plugin.php(517): WP_Hook->do_action(Array)
#2 /var/www/html/wp-content/themes/hello-elementor-child/woocommerce/cart/cart.php(21): do_action('woocommerce_bef...')
#3 /var/www/html/wp-content/themes/hello-elementor-child/functions.php(61): require_once('/var/www/html/w...')
#4 /var/www/html/wp-settings.php(611): include('/var/www/html/w...')
#5 /var/www/html/wp-config.php(133): require_once('/var/www/html/w...')
#6 /var/www/html/wp-load.php(50): require_once('/var/www/html/w...')
#7 /var/www/html/wp-blog-header.php(13): require_once('/var/www/html/w...')
#8 /var/www/html/index.php(17): require('/var/www/html/w...')
#9 {main}
  thrown in /var/www/html/wp-includes/class-wp-hook.php on line 324

