2023-12-20T05:32:54+00:00 CRITICAL Uncaught Error: Failed opening required '/var/www/html/wp-content/themes/hello-elementor-child/geocode.php' (include_path='.:/usr/local/lib/php') in /var/www/html/wp-content/themes/hello-elementor-child/includes/custom-tab-product.php:7
Stack trace:
#0 /var/www/html/wp-content/themes/hello-elementor-child/functions.php(29): woocommerce_tab()
#1 /var/www/html/wp-settings.php(611): include('/var/www/html/w...')
#2 /var/www/html/wp-config.php(133): require_once('/var/www/html/w...')
#3 /var/www/html/wp-load.php(50): require_once('/var/www/html/w...')
#4 /var/www/html/wp-admin/admin-ajax.php(22): require_once('/var/www/html/w...')
#5 {main}
  thrown in /var/www/html/wp-content/themes/hello-elementor-child/includes/custom-tab-product.php on line 7

2023-12-20T05:32:55+00:00 CRITICAL Uncaught Error: Failed opening required '/var/www/html/wp-content/themes/hello-elementor-child/geocode.php' (include_path='.:/usr/local/lib/php') in /var/www/html/wp-content/themes/hello-elementor-child/includes/custom-tab-product.php:7
Stack trace:
#0 /var/www/html/wp-content/themes/hello-elementor-child/functions.php(29): woocommerce_tab()
#1 /var/www/html/wp-settings.php(611): include('/var/www/html/w...')
#2 /var/www/html/wp-config.php(133): require_once('/var/www/html/w...')
#3 /var/www/html/wp-load.php(50): require_once('/var/www/html/w...')
#4 /var/www/html/wp-admin/admin-ajax.php(22): require_once('/var/www/html/w...')
#5 {main}
  thrown in /var/www/html/wp-content/themes/hello-elementor-child/includes/custom-tab-product.php on line 7

2023-12-20T05:33:00+00:00 CRITICAL Uncaught Error: Failed opening required '/var/www/html/wp-content/themes/hello-elementor-child/geocode.php' (include_path='.:/usr/local/lib/php') in /var/www/html/wp-content/themes/hello-elementor-child/includes/custom-tab-product.php:7
Stack trace:
#0 /var/www/html/wp-content/themes/hello-elementor-child/functions.php(29): woocommerce_tab()
#1 /var/www/html/wp-settings.php(611): include('/var/www/html/w...')
#2 /var/www/html/wp-config.php(133): require_once('/var/www/html/w...')
#3 /var/www/html/wp-load.php(50): require_once('/var/www/html/w...')
#4 /var/www/html/wp-admin/admin.php(34): require_once('/var/www/html/w...')
#5 /var/www/html/wp-admin/post.php(12): require_once('/var/www/html/w...')
#6 {main}
  thrown in /var/www/html/wp-content/themes/hello-elementor-child/includes/custom-tab-product.php on line 7

2023-12-20T05:33:00+00:00 CRITICAL Uncaught Error: Failed opening required '/var/www/html/wp-content/themes/hello-elementor-child/geocode.php' (include_path='.:/usr/local/lib/php') in /var/www/html/wp-content/themes/hello-elementor-child/includes/custom-tab-product.php:7
Stack trace:
#0 /var/www/html/wp-content/themes/hello-elementor-child/functions.php(29): woocommerce_tab()
#1 /var/www/html/wp-settings.php(611): include('/var/www/html/w...')
#2 /var/www/html/wp-config.php(133): require_once('/var/www/html/w...')
#3 /var/www/html/wp-load.php(50): require_once('/var/www/html/w...')
#4 /var/www/html/wp-admin/admin-ajax.php(22): require_once('/var/www/html/w...')
#5 {main}
  thrown in /var/www/html/wp-content/themes/hello-elementor-child/includes/custom-tab-product.php on line 7

2023-12-20T05:33:00+00:00 CRITICAL Uncaught Error: Failed opening required '/var/www/html/wp-content/themes/hello-elementor-child/geocode.php' (include_path='.:/usr/local/lib/php') in /var/www/html/wp-content/themes/hello-elementor-child/includes/custom-tab-product.php:7
Stack trace:
#0 /var/www/html/wp-content/themes/hello-elementor-child/functions.php(29): woocommerce_tab()
#1 /var/www/html/wp-settings.php(611): include('/var/www/html/w...')
#2 /var/www/html/wp-config.php(133): require_once('/var/www/html/w...')
#3 /var/www/html/wp-load.php(50): require_once('/var/www/html/w...')
#4 /var/www/html/wp-blog-header.php(13): require_once('/var/www/html/w...')
#5 /var/www/html/index.php(17): require('/var/www/html/w...')
#6 {main}
  thrown in /var/www/html/wp-content/themes/hello-elementor-child/includes/custom-tab-product.php on line 7

2023-12-20T05:33:03+00:00 CRITICAL Uncaught Error: Failed opening required '/var/www/html/wp-content/themes/hello-elementor-child/geocode.php' (include_path='.:/usr/local/lib/php') in /var/www/html/wp-content/themes/hello-elementor-child/includes/custom-tab-product.php:7
Stack trace:
#0 /var/www/html/wp-content/themes/hello-elementor-child/functions.php(29): woocommerce_tab()
#1 /var/www/html/wp-settings.php(611): include('/var/www/html/w...')
#2 /var/www/html/wp-config.php(133): require_once('/var/www/html/w...')
#3 /var/www/html/wp-load.php(50): require_once('/var/www/html/w...')
#4 /var/www/html/wp-admin/admin.php(34): require_once('/var/www/html/w...')
#5 /var/www/html/wp-admin/post.php(12): require_once('/var/www/html/w...')
#6 {main}
  thrown in /var/www/html/wp-content/themes/hello-elementor-child/includes/custom-tab-product.php on line 7

2023-12-20T05:33:03+00:00 CRITICAL Uncaught Error: Failed opening required '/var/www/html/wp-content/themes/hello-elementor-child/geocode.php' (include_path='.:/usr/local/lib/php') in /var/www/html/wp-content/themes/hello-elementor-child/includes/custom-tab-product.php:7
Stack trace:
#0 /var/www/html/wp-content/themes/hello-elementor-child/functions.php(29): woocommerce_tab()
#1 /var/www/html/wp-settings.php(611): include('/var/www/html/w...')
#2 /var/www/html/wp-config.php(133): require_once('/var/www/html/w...')
#3 /var/www/html/wp-load.php(50): require_once('/var/www/html/w...')
#4 /var/www/html/wp-blog-header.php(13): require_once('/var/www/html/w...')
#5 /var/www/html/index.php(17): require('/var/www/html/w...')
#6 {main}
  thrown in /var/www/html/wp-content/themes/hello-elementor-child/includes/custom-tab-product.php on line 7

2023-12-20T05:33:55+00:00 CRITICAL Uncaught Error: Failed opening required '/var/www/html/wp-content/themes/hello-elementor-child/geocode.php' (include_path='.:/usr/local/lib/php') in /var/www/html/wp-content/themes/hello-elementor-child/includes/custom-tab-product.php:7
Stack trace:
#0 /var/www/html/wp-content/themes/hello-elementor-child/functions.php(29): woocommerce_tab()
#1 /var/www/html/wp-settings.php(611): include('/var/www/html/w...')
#2 /var/www/html/wp-config.php(133): require_once('/var/www/html/w...')
#3 /var/www/html/wp-load.php(50): require_once('/var/www/html/w...')
#4 /var/www/html/wp-admin/admin-ajax.php(22): require_once('/var/www/html/w...')
#5 {main}
  thrown in /var/www/html/wp-content/themes/hello-elementor-child/includes/custom-tab-product.php on line 7

2023-12-20T05:33:56+00:00 CRITICAL Uncaught Error: Failed opening required '/var/www/html/wp-content/themes/hello-elementor-child/geocode.php' (include_path='.:/usr/local/lib/php') in /var/www/html/wp-content/themes/hello-elementor-child/includes/custom-tab-product.php:7
Stack trace:
#0 /var/www/html/wp-content/themes/hello-elementor-child/functions.php(29): woocommerce_tab()
#1 /var/www/html/wp-settings.php(611): include('/var/www/html/w...')
#2 /var/www/html/wp-config.php(133): require_once('/var/www/html/w...')
#3 /var/www/html/wp-load.php(50): require_once('/var/www/html/w...')
#4 /var/www/html/wp-admin/admin.php(34): require_once('/var/www/html/w...')
#5 /var/www/html/wp-admin/post.php(12): require_once('/var/www/html/w...')
#6 {main}
  thrown in /var/www/html/wp-content/themes/hello-elementor-child/includes/custom-tab-product.php on line 7

2023-12-20T05:33:57+00:00 CRITICAL Uncaught Error: Failed opening required '/var/www/html/wp-content/themes/hello-elementor-child/geocode.php' (include_path='.:/usr/local/lib/php') in /var/www/html/wp-content/themes/hello-elementor-child/includes/custom-tab-product.php:7
Stack trace:
#0 /var/www/html/wp-content/themes/hello-elementor-child/functions.php(29): woocommerce_tab()
#1 /var/www/html/wp-settings.php(611): include('/var/www/html/w...')
#2 /var/www/html/wp-config.php(133): require_once('/var/www/html/w...')
#3 /var/www/html/wp-load.php(50): require_once('/var/www/html/w...')
#4 /var/www/html/wp-blog-header.php(13): require_once('/var/www/html/w...')
#5 /var/www/html/index.php(17): require('/var/www/html/w...')
#6 {main}
  thrown in /var/www/html/wp-content/themes/hello-elementor-child/includes/custom-tab-product.php on line 7

2023-12-20T05:34:08+00:00 CRITICAL Uncaught Error: Failed opening required '/var/www/html/wp-content/themes/hello-elementor-child/geocode.php' (include_path='.:/usr/local/lib/php') in /var/www/html/wp-content/themes/hello-elementor-child/includes/custom-tab-product.php:7
Stack trace:
#0 /var/www/html/wp-content/themes/hello-elementor-child/functions.php(29): woocommerce_tab()
#1 /var/www/html/wp-settings.php(611): include('/var/www/html/w...')
#2 /var/www/html/wp-config.php(133): require_once('/var/www/html/w...')
#3 /var/www/html/wp-load.php(50): require_once('/var/www/html/w...')
#4 /var/www/html/wp-blog-header.php(13): require_once('/var/www/html/w...')
#5 /var/www/html/index.php(17): require('/var/www/html/w...')
#6 {main}
  thrown in /var/www/html/wp-content/themes/hello-elementor-child/includes/custom-tab-product.php on line 7

2023-12-20T05:34:08+00:00 CRITICAL Uncaught Error: Failed opening required '/var/www/html/wp-content/themes/hello-elementor-child/geocode.php' (include_path='.:/usr/local/lib/php') in /var/www/html/wp-content/themes/hello-elementor-child/includes/custom-tab-product.php:7
Stack trace:
#0 /var/www/html/wp-content/themes/hello-elementor-child/functions.php(29): woocommerce_tab()
#1 /var/www/html/wp-settings.php(611): include('/var/www/html/w...')
#2 /var/www/html/wp-config.php(133): require_once('/var/www/html/w...')
#3 /var/www/html/wp-load.php(50): require_once('/var/www/html/w...')
#4 /var/www/html/wp-blog-header.php(13): require_once('/var/www/html/w...')
#5 /var/www/html/index.php(17): require('/var/www/html/w...')
#6 {main}
  thrown in /var/www/html/wp-content/themes/hello-elementor-child/includes/custom-tab-product.php on line 7

2023-12-20T06:05:36+00:00 CRITICAL Cannot redeclare geocode_address_function() (previously declared in /var/www/html/wp-content/themes/hello-elementor-child/includes/geocode.php:9) in /var/www/html/wp-content/themes/hello-elementor-child/includes/geocode.php on line 6

