2023-12-14T08:55:52+00:00 CRITICAL Uncaught Error: Call to undefined function wc_get_notice_data_attr() in /var/www/html/wp-content/plugins/woocommerce/packages/woocommerce-blocks/templates/notices/error.php:29
Stack trace:
#0 /var/www/html/wp-content/plugins/woocommerce/includes/wc-core-functions.php(345): include()
#1 /var/www/html/wp-content/plugins/woocommerce/includes/wc-core-functions.php(364): wc_get_template('notices/error.p...', Array, '', '')
#2 /var/www/html/wp-content/plugins/ultimate-woocommerce-auction/includes/class-uwa-scripts.php(128): wc_get_template_html('notices/error.p...', Array)
#3 /var/www/html/wp-includes/class-wp-hook.php(324): UWA_Scripts->uwa_register_front_scripts('')
#4 /var/www/html/wp-includes/class-wp-hook.php(348): WP_Hook->apply_filters(NULL, Array)
#5 /var/www/html/wp-includes/plugin.php(517): WP_Hook->do_action(Array)
#6 /var/www/html/wp-includes/script-loader.php(2262): do_action('wp_enqueue_scri...')
#7 /var/www/html/wp-includes/class-wp-hook.php(324): wp_enqueue_scripts('')
#8 /var/www/html/wp-includes/class-wp-hook.php(348): WP_Hook->apply_filters(NULL, Array)
#9 /var/www/html/wp-includes/plugin.php(517): WP_Hook->do_action(Array)
#10 /var/www/html/wp-includes/general-template.php(3052): do_action('wp_head')
#11 /var/www/html/wp-content/plugins/user-registration/includes/admin/class-ur-admin-welcome.php(113): wp_head()
#12 /var/www/html/wp-content/plugins/user-registration/includes/admin/class-ur-admin-welcome.php(90): UR_Admin_Welcome::setup_wizard_header()
#13 /var/www/html/wp-includes/class-wp-hook.php(324): UR_Admin_Welcome::welcome_page('')
#14 /var/www/html/wp-includes/class-wp-hook.php(348): WP_Hook->apply_filters(NULL, Array)
#15 /var/www/html/wp-includes/plugin.php(517): WP_Hook->do_action(Array)
#16 /var/www/html/wp-admin/admin.php(175): do_action('admin_init')
#17 /var/www/html/wp-admin/index.php(10): require_once('/var/www/html/w...')
#18 {main}
  thrown in /var/www/html/wp-content/plugins/woocommerce/packages/woocommerce-blocks/templates/notices/error.php on line 29

2023-12-14T09:55:52+00:00 CRITICAL Uncaught TypeError: call_user_func_array(): Argument #1 ($callback) must be a valid callback, function "display_otp_field" not found or invalid function name in /var/www/html/wp-includes/class-wp-hook.php:324
Stack trace:
#0 /var/www/html/wp-includes/class-wp-hook.php(348): WP_Hook->apply_filters('', Array)
#1 /var/www/html/wp-includes/plugin.php(517): WP_Hook->do_action(Array)
#2 /var/www/html/wp-content/plugins/woocommerce/templates/myaccount/form-login.php(103): do_action('woocommerce_reg...')
#3 /var/www/html/wp-content/plugins/woocommerce/includes/wc-core-functions.php(345): include('/var/www/html/w...')
#4 /var/www/html/wp-content/plugins/woocommerce/includes/shortcodes/class-wc-shortcode-my-account.php(57): wc_get_template('myaccount/form-...')
#5 /var/www/html/wp-content/plugins/woocommerce/includes/class-wc-shortcodes.php(72): WC_Shortcode_My_Account::output('')
#6 /var/www/html/wp-content/plugins/woocommerce/includes/class-wc-shortcodes.php(115): WC_Shortcodes::shortcode_wrapper(Array, '')
#7 /var/www/html/wp-includes/shortcodes.php(433): WC_Shortcodes::my_account('', '', 'woocommerce_my_...')
#8 [internal function]: do_shortcode_tag(Array)
#9 /var/www/html/wp-includes/shortcodes.php(273): preg_replace_callback('/\\[(\\[?)(woocom...', 'do_shortcode_ta...', '[woocommerce_my...')
#10 /var/www/html/wp-includes/class-wp-hook.php(324): do_shortcode('[woocommerce_my...')
#11 /var/www/html/wp-includes/plugin.php(205): WP_Hook->apply_filters('[woocommerce_my...', Array)
#12 /var/www/html/wp-includes/post-template.php(256): apply_filters('the_content', '<!-- wp:shortco...')
#13 /var/www/html/wp-content/themes/hello-elementor/template-parts/single.php(25): the_content()
#14 /var/www/html/wp-includes/template.php(792): require('/var/www/html/w...')
#15 /var/www/html/wp-includes/template.php(725): load_template('/var/www/html/w...', false, Array)
#16 /var/www/html/wp-includes/general-template.php(206): locate_template(Array, true, false, Array)
#17 /var/www/html/wp-content/themes/hello-elementor/index.php(21): get_template_part('template-parts/...')
#18 /var/www/html/wp-includes/template-loader.php(106): include('/var/www/html/w...')
#19 /var/www/html/wp-blog-header.php(19): require_once('/var/www/html/w...')
#20 /var/www/html/index.php(17): require('/var/www/html/w...')
#21 {main}
  thrown in /var/www/html/wp-includes/class-wp-hook.php on line 324

2023-12-14T10:00:21+00:00 CRITICAL Uncaught TypeError: call_user_func_array(): Argument #1 ($callback) must be a valid callback, function "display_otp_field" not found or invalid function name in /var/www/html/wp-includes/class-wp-hook.php:324
Stack trace:
#0 /var/www/html/wp-includes/class-wp-hook.php(348): WP_Hook->apply_filters('', Array)
#1 /var/www/html/wp-includes/plugin.php(517): WP_Hook->do_action(Array)
#2 /var/www/html/wp-content/plugins/woocommerce/templates/myaccount/form-login.php(103): do_action('woocommerce_reg...')
#3 /var/www/html/wp-content/plugins/woocommerce/includes/wc-core-functions.php(345): include('/var/www/html/w...')
#4 /var/www/html/wp-content/plugins/woocommerce/includes/shortcodes/class-wc-shortcode-my-account.php(57): wc_get_template('myaccount/form-...')
#5 /var/www/html/wp-content/plugins/woocommerce/includes/class-wc-shortcodes.php(72): WC_Shortcode_My_Account::output('')
#6 /var/www/html/wp-content/plugins/woocommerce/includes/class-wc-shortcodes.php(115): WC_Shortcodes::shortcode_wrapper(Array, '')
#7 /var/www/html/wp-includes/shortcodes.php(433): WC_Shortcodes::my_account('', '', 'woocommerce_my_...')
#8 [internal function]: do_shortcode_tag(Array)
#9 /var/www/html/wp-includes/shortcodes.php(273): preg_replace_callback('/\\[(\\[?)(woocom...', 'do_shortcode_ta...', '[woocommerce_my...')
#10 /var/www/html/wp-includes/class-wp-hook.php(324): do_shortcode('[woocommerce_my...')
#11 /var/www/html/wp-includes/plugin.php(205): WP_Hook->apply_filters('[woocommerce_my...', Array)
#12 /var/www/html/wp-includes/post-template.php(256): apply_filters('the_content', '<!-- wp:shortco...')
#13 /var/www/html/wp-content/themes/hello-elementor/template-parts/single.php(25): the_content()
#14 /var/www/html/wp-includes/template.php(792): require('/var/www/html/w...')
#15 /var/www/html/wp-includes/template.php(725): load_template('/var/www/html/w...', false, Array)
#16 /var/www/html/wp-includes/general-template.php(206): locate_template(Array, true, false, Array)
#17 /var/www/html/wp-content/themes/hello-elementor/index.php(21): get_template_part('template-parts/...')
#18 /var/www/html/wp-includes/template-loader.php(106): include('/var/www/html/w...')
#19 /var/www/html/wp-blog-header.php(19): require_once('/var/www/html/w...')
#20 /var/www/html/index.php(17): require('/var/www/html/w...')
#21 {main}
  thrown in /var/www/html/wp-includes/class-wp-hook.php on line 324

2023-12-14T10:00:45+00:00 CRITICAL Uncaught TypeError: call_user_func_array(): Argument #1 ($callback) must be a valid callback, function "display_otp_field" not found or invalid function name in /var/www/html/wp-includes/class-wp-hook.php:324
Stack trace:
#0 /var/www/html/wp-includes/class-wp-hook.php(348): WP_Hook->apply_filters('', Array)
#1 /var/www/html/wp-includes/plugin.php(517): WP_Hook->do_action(Array)
#2 /var/www/html/wp-content/plugins/woocommerce/templates/myaccount/form-login.php(103): do_action('woocommerce_reg...')
#3 /var/www/html/wp-content/plugins/woocommerce/includes/wc-core-functions.php(345): include('/var/www/html/w...')
#4 /var/www/html/wp-content/plugins/woocommerce/includes/shortcodes/class-wc-shortcode-my-account.php(57): wc_get_template('myaccount/form-...')
#5 /var/www/html/wp-content/plugins/woocommerce/includes/class-wc-shortcodes.php(72): WC_Shortcode_My_Account::output('')
#6 /var/www/html/wp-content/plugins/woocommerce/includes/class-wc-shortcodes.php(115): WC_Shortcodes::shortcode_wrapper(Array, '')
#7 /var/www/html/wp-includes/shortcodes.php(433): WC_Shortcodes::my_account('', '', 'woocommerce_my_...')
#8 [internal function]: do_shortcode_tag(Array)
#9 /var/www/html/wp-includes/shortcodes.php(273): preg_replace_callback('/\\[(\\[?)(woocom...', 'do_shortcode_ta...', '[woocommerce_my...')
#10 /var/www/html/wp-includes/class-wp-hook.php(324): do_shortcode('[woocommerce_my...')
#11 /var/www/html/wp-includes/plugin.php(205): WP_Hook->apply_filters('[woocommerce_my...', Array)
#12 /var/www/html/wp-includes/post-template.php(256): apply_filters('the_content', '<!-- wp:shortco...')
#13 /var/www/html/wp-content/themes/hello-elementor/template-parts/single.php(25): the_content()
#14 /var/www/html/wp-includes/template.php(792): require('/var/www/html/w...')
#15 /var/www/html/wp-includes/template.php(725): load_template('/var/www/html/w...', false, Array)
#16 /var/www/html/wp-includes/general-template.php(206): locate_template(Array, true, false, Array)
#17 /var/www/html/wp-content/themes/hello-elementor/index.php(21): get_template_part('template-parts/...')
#18 /var/www/html/wp-includes/template-loader.php(106): include('/var/www/html/w...')
#19 /var/www/html/wp-blog-header.php(19): require_once('/var/www/html/w...')
#20 /var/www/html/index.php(17): require('/var/www/html/w...')
#21 {main}
  thrown in /var/www/html/wp-includes/class-wp-hook.php on line 324

2023-12-14T10:01:00+00:00 CRITICAL Uncaught TypeError: call_user_func_array(): Argument #1 ($callback) must be a valid callback, function "display_otp_field" not found or invalid function name in /var/www/html/wp-includes/class-wp-hook.php:324
Stack trace:
#0 /var/www/html/wp-includes/class-wp-hook.php(348): WP_Hook->apply_filters('', Array)
#1 /var/www/html/wp-includes/plugin.php(517): WP_Hook->do_action(Array)
#2 /var/www/html/wp-content/plugins/woocommerce/templates/myaccount/form-login.php(103): do_action('woocommerce_reg...')
#3 /var/www/html/wp-content/plugins/woocommerce/includes/wc-core-functions.php(345): include('/var/www/html/w...')
#4 /var/www/html/wp-content/plugins/woocommerce/includes/shortcodes/class-wc-shortcode-my-account.php(57): wc_get_template('myaccount/form-...')
#5 /var/www/html/wp-content/plugins/woocommerce/includes/class-wc-shortcodes.php(72): WC_Shortcode_My_Account::output('')
#6 /var/www/html/wp-content/plugins/woocommerce/includes/class-wc-shortcodes.php(115): WC_Shortcodes::shortcode_wrapper(Array, '')
#7 /var/www/html/wp-includes/shortcodes.php(433): WC_Shortcodes::my_account('', '', 'woocommerce_my_...')
#8 [internal function]: do_shortcode_tag(Array)
#9 /var/www/html/wp-includes/shortcodes.php(273): preg_replace_callback('/\\[(\\[?)(woocom...', 'do_shortcode_ta...', '[woocommerce_my...')
#10 /var/www/html/wp-includes/class-wp-hook.php(324): do_shortcode('[woocommerce_my...')
#11 /var/www/html/wp-includes/plugin.php(205): WP_Hook->apply_filters('[woocommerce_my...', Array)
#12 /var/www/html/wp-includes/post-template.php(256): apply_filters('the_content', '<!-- wp:shortco...')
#13 /var/www/html/wp-content/themes/hello-elementor/template-parts/single.php(25): the_content()
#14 /var/www/html/wp-includes/template.php(792): require('/var/www/html/w...')
#15 /var/www/html/wp-includes/template.php(725): load_template('/var/www/html/w...', false, Array)
#16 /var/www/html/wp-includes/general-template.php(206): locate_template(Array, true, false, Array)
#17 /var/www/html/wp-content/themes/hello-elementor/index.php(21): get_template_part('template-parts/...')
#18 /var/www/html/wp-includes/template-loader.php(106): include('/var/www/html/w...')
#19 /var/www/html/wp-blog-header.php(19): require_once('/var/www/html/w...')
#20 /var/www/html/index.php(17): require('/var/www/html/w...')
#21 {main}
  thrown in /var/www/html/wp-includes/class-wp-hook.php on line 324

2023-12-14T10:36:45+00:00 CRITICAL Uncaught Error: Call to undefined function generate_otp() in /var/www/html/wp-content/themes/hello-elementor-child/functions.php:82
Stack trace:
#0 /var/www/html/wp-settings.php(611): include()
#1 /var/www/html/wp-config.php(133): require_once('/var/www/html/w...')
#2 /var/www/html/wp-load.php(50): require_once('/var/www/html/w...')
#3 /var/www/html/wp-blog-header.php(13): require_once('/var/www/html/w...')
#4 /var/www/html/index.php(17): require('/var/www/html/w...')
#5 {main}
  thrown in /var/www/html/wp-content/themes/hello-elementor-child/functions.php on line 82

2023-12-14T10:36:45+00:00 CRITICAL Uncaught Error: Call to undefined function generate_otp() in /var/www/html/wp-content/themes/hello-elementor-child/functions.php:82
Stack trace:
#0 /var/www/html/wp-settings.php(611): include()
#1 /var/www/html/wp-config.php(133): require_once('/var/www/html/w...')
#2 /var/www/html/wp-load.php(50): require_once('/var/www/html/w...')
#3 /var/www/html/wp-blog-header.php(13): require_once('/var/www/html/w...')
#4 /var/www/html/index.php(17): require('/var/www/html/w...')
#5 {main}
  thrown in /var/www/html/wp-content/themes/hello-elementor-child/functions.php on line 82

2023-12-14T10:36:47+00:00 CRITICAL Uncaught Error: Call to undefined function generate_otp() in /var/www/html/wp-content/themes/hello-elementor-child/functions.php:82
Stack trace:
#0 /var/www/html/wp-settings.php(611): include()
#1 /var/www/html/wp-config.php(133): require_once('/var/www/html/w...')
#2 /var/www/html/wp-load.php(50): require_once('/var/www/html/w...')
#3 /var/www/html/wp-blog-header.php(13): require_once('/var/www/html/w...')
#4 /var/www/html/index.php(17): require('/var/www/html/w...')
#5 {main}
  thrown in /var/www/html/wp-content/themes/hello-elementor-child/functions.php on line 82

2023-12-14T10:36:47+00:00 CRITICAL Uncaught Error: Call to undefined function generate_otp() in /var/www/html/wp-content/themes/hello-elementor-child/functions.php:82
Stack trace:
#0 /var/www/html/wp-settings.php(611): include()
#1 /var/www/html/wp-config.php(133): require_once('/var/www/html/w...')
#2 /var/www/html/wp-load.php(50): require_once('/var/www/html/w...')
#3 /var/www/html/wp-blog-header.php(13): require_once('/var/www/html/w...')
#4 /var/www/html/index.php(17): require('/var/www/html/w...')
#5 {main}
  thrown in /var/www/html/wp-content/themes/hello-elementor-child/functions.php on line 82

2023-12-15T06:07:29+00:00 CRITICAL Cannot redeclare add_custom_register_button() (previously declared in /var/www/html/wp-content/themes/hello-elementor-child/functions.php:28) in /var/www/html/wp-content/themes/hello-elementor-child/functions.php on line 35

2023-12-15T06:07:43+00:00 CRITICAL Cannot redeclare add_custom_register_button() (previously declared in /var/www/html/wp-content/themes/hello-elementor-child/functions.php:28) in /var/www/html/wp-content/themes/hello-elementor-child/functions.php on line 35

2023-12-15T09:45:08+00:00 CRITICAL Uncaught TypeError: call_user_func_array(): Argument #1 ($callback) must be a valid callback, function "enqueue_child_theme_scripts" not found or invalid function name in /var/www/html/wp-includes/class-wp-hook.php:324
Stack trace:
#0 /var/www/html/wp-includes/class-wp-hook.php(348): WP_Hook->apply_filters(NULL, Array)
#1 /var/www/html/wp-includes/plugin.php(517): WP_Hook->do_action(Array)
#2 /var/www/html/wp-includes/script-loader.php(2262): do_action('wp_enqueue_scri...')
#3 /var/www/html/wp-includes/class-wp-hook.php(324): wp_enqueue_scripts('')
#4 /var/www/html/wp-includes/class-wp-hook.php(348): WP_Hook->apply_filters(NULL, Array)
#5 /var/www/html/wp-includes/plugin.php(517): WP_Hook->do_action(Array)
#6 /var/www/html/wp-includes/general-template.php(3052): do_action('wp_head')
#7 /var/www/html/wp-content/themes/hello-elementor/header.php(24): wp_head()
#8 /var/www/html/wp-includes/template.php(790): require_once('/var/www/html/w...')
#9 /var/www/html/wp-includes/template.php(725): load_template('/var/www/html/w...', true, Array)
#10 /var/www/html/wp-includes/general-template.php(48): locate_template(Array, true, true, Array)
#11 /var/www/html/wp-content/themes/hello-elementor/index.php(15): get_header()
#12 /var/www/html/wp-includes/template-loader.php(106): include('/var/www/html/w...')
#13 /var/www/html/wp-blog-header.php(19): require_once('/var/www/html/w...')
#14 /var/www/html/index.php(17): require('/var/www/html/w...')
#15 {main}
  thrown in /var/www/html/wp-includes/class-wp-hook.php on line 324

2023-12-15T09:45:12+00:00 CRITICAL Uncaught TypeError: call_user_func_array(): Argument #1 ($callback) must be a valid callback, function "enqueue_child_theme_scripts" not found or invalid function name in /var/www/html/wp-includes/class-wp-hook.php:324
Stack trace:
#0 /var/www/html/wp-includes/class-wp-hook.php(348): WP_Hook->apply_filters(NULL, Array)
#1 /var/www/html/wp-includes/plugin.php(517): WP_Hook->do_action(Array)
#2 /var/www/html/wp-includes/script-loader.php(2262): do_action('wp_enqueue_scri...')
#3 /var/www/html/wp-includes/class-wp-hook.php(324): wp_enqueue_scripts('')
#4 /var/www/html/wp-includes/class-wp-hook.php(348): WP_Hook->apply_filters(NULL, Array)
#5 /var/www/html/wp-includes/plugin.php(517): WP_Hook->do_action(Array)
#6 /var/www/html/wp-includes/general-template.php(3052): do_action('wp_head')
#7 /var/www/html/wp-content/themes/hello-elementor/header.php(24): wp_head()
#8 /var/www/html/wp-includes/template.php(790): require_once('/var/www/html/w...')
#9 /var/www/html/wp-includes/template.php(725): load_template('/var/www/html/w...', true, Array)
#10 /var/www/html/wp-includes/general-template.php(48): locate_template(Array, true, true, Array)
#11 /var/www/html/wp-content/themes/hello-elementor/index.php(15): get_header()
#12 /var/www/html/wp-includes/template-loader.php(106): include('/var/www/html/w...')
#13 /var/www/html/wp-blog-header.php(19): require_once('/var/www/html/w...')
#14 /var/www/html/index.php(17): require('/var/www/html/w...')
#15 {main}
  thrown in /var/www/html/wp-includes/class-wp-hook.php on line 324

2023-12-15T10:19:22+00:00 CRITICAL Uncaught TypeError: call_user_func_array(): Argument #1 ($callback) must be a valid callback, function "enqueue_child_theme_scripts" not found or invalid function name in /var/www/html/wp-includes/class-wp-hook.php:324
Stack trace:
#0 /var/www/html/wp-includes/class-wp-hook.php(348): WP_Hook->apply_filters(NULL, Array)
#1 /var/www/html/wp-includes/plugin.php(517): WP_Hook->do_action(Array)
#2 /var/www/html/wp-includes/script-loader.php(2262): do_action('wp_enqueue_scri...')
#3 /var/www/html/wp-includes/class-wp-hook.php(324): wp_enqueue_scripts('')
#4 /var/www/html/wp-includes/class-wp-hook.php(348): WP_Hook->apply_filters(NULL, Array)
#5 /var/www/html/wp-includes/plugin.php(517): WP_Hook->do_action(Array)
#6 /var/www/html/wp-includes/general-template.php(3052): do_action('wp_head')
#7 /var/www/html/wp-content/themes/hello-elementor/header.php(24): wp_head()
#8 /var/www/html/wp-includes/template.php(790): require_once('/var/www/html/w...')
#9 /var/www/html/wp-includes/template.php(725): load_template('/var/www/html/w...', true, Array)
#10 /var/www/html/wp-includes/general-template.php(48): locate_template(Array, true, true, Array)
#11 /var/www/html/wp-content/themes/hello-elementor/index.php(15): get_header()
#12 /var/www/html/wp-includes/template-loader.php(106): include('/var/www/html/w...')
#13 /var/www/html/wp-blog-header.php(19): require_once('/var/www/html/w...')
#14 /var/www/html/index.php(17): require('/var/www/html/w...')
#15 {main}
  thrown in /var/www/html/wp-includes/class-wp-hook.php on line 324

2023-12-15T10:19:24+00:00 CRITICAL Uncaught TypeError: call_user_func_array(): Argument #1 ($callback) must be a valid callback, function "enqueue_child_theme_scripts" not found or invalid function name in /var/www/html/wp-includes/class-wp-hook.php:324
Stack trace:
#0 /var/www/html/wp-includes/class-wp-hook.php(348): WP_Hook->apply_filters(NULL, Array)
#1 /var/www/html/wp-includes/plugin.php(517): WP_Hook->do_action(Array)
#2 /var/www/html/wp-includes/script-loader.php(2262): do_action('wp_enqueue_scri...')
#3 /var/www/html/wp-includes/class-wp-hook.php(324): wp_enqueue_scripts('')
#4 /var/www/html/wp-includes/class-wp-hook.php(348): WP_Hook->apply_filters(NULL, Array)
#5 /var/www/html/wp-includes/plugin.php(517): WP_Hook->do_action(Array)
#6 /var/www/html/wp-includes/general-template.php(3052): do_action('wp_head')
#7 /var/www/html/wp-content/themes/hello-elementor/header.php(24): wp_head()
#8 /var/www/html/wp-includes/template.php(790): require_once('/var/www/html/w...')
#9 /var/www/html/wp-includes/template.php(725): load_template('/var/www/html/w...', true, Array)
#10 /var/www/html/wp-includes/general-template.php(48): locate_template(Array, true, true, Array)
#11 /var/www/html/wp-content/themes/hello-elementor/index.php(15): get_header()
#12 /var/www/html/wp-includes/template-loader.php(106): include('/var/www/html/w...')
#13 /var/www/html/wp-blog-header.php(19): require_once('/var/www/html/w...')
#14 /var/www/html/index.php(17): require('/var/www/html/w...')
#15 {main}
  thrown in /var/www/html/wp-includes/class-wp-hook.php on line 324

2023-12-15T10:19:25+00:00 CRITICAL Uncaught TypeError: call_user_func_array(): Argument #1 ($callback) must be a valid callback, function "enqueue_child_theme_scripts" not found or invalid function name in /var/www/html/wp-includes/class-wp-hook.php:324
Stack trace:
#0 /var/www/html/wp-includes/class-wp-hook.php(348): WP_Hook->apply_filters(NULL, Array)
#1 /var/www/html/wp-includes/plugin.php(517): WP_Hook->do_action(Array)
#2 /var/www/html/wp-includes/script-loader.php(2262): do_action('wp_enqueue_scri...')
#3 /var/www/html/wp-includes/class-wp-hook.php(324): wp_enqueue_scripts('')
#4 /var/www/html/wp-includes/class-wp-hook.php(348): WP_Hook->apply_filters(NULL, Array)
#5 /var/www/html/wp-includes/plugin.php(517): WP_Hook->do_action(Array)
#6 /var/www/html/wp-includes/general-template.php(3052): do_action('wp_head')
#7 /var/www/html/wp-content/themes/hello-elementor/header.php(24): wp_head()
#8 /var/www/html/wp-includes/template.php(790): require_once('/var/www/html/w...')
#9 /var/www/html/wp-includes/template.php(725): load_template('/var/www/html/w...', true, Array)
#10 /var/www/html/wp-includes/general-template.php(48): locate_template(Array, true, true, Array)
#11 /var/www/html/wp-content/themes/hello-elementor/index.php(15): get_header()
#12 /var/www/html/wp-includes/template-loader.php(106): include('/var/www/html/w...')
#13 /var/www/html/wp-blog-header.php(19): require_once('/var/www/html/w...')
#14 /var/www/html/index.php(17): require('/var/www/html/w...')
#15 {main}
  thrown in /var/www/html/wp-includes/class-wp-hook.php on line 324

2023-12-17T11:24:47+00:00 CRITICAL Cannot redeclare enqueue_custom_scripts() (previously declared in /var/www/html/wp-content/plugins/complete-custom-plugin/ccp.php:17) in /var/www/html/wp-content/themes/hello-elementor-child/functions.php on line 29

2023-12-17T11:24:48+00:00 CRITICAL Cannot redeclare enqueue_custom_scripts() (previously declared in /var/www/html/wp-content/plugins/complete-custom-plugin/ccp.php:17) in /var/www/html/wp-content/themes/hello-elementor-child/functions.php on line 29

2023-12-17T11:24:50+00:00 CRITICAL Cannot redeclare enqueue_custom_scripts() (previously declared in /var/www/html/wp-content/plugins/complete-custom-plugin/ccp.php:17) in /var/www/html/wp-content/themes/hello-elementor-child/functions.php on line 29

2023-12-17T11:24:50+00:00 CRITICAL Cannot redeclare enqueue_custom_scripts() (previously declared in /var/www/html/wp-content/plugins/complete-custom-plugin/ccp.php:17) in /var/www/html/wp-content/themes/hello-elementor-child/functions.php on line 29

2023-12-17T11:25:20+00:00 CRITICAL Cannot redeclare enqueue_custom_scripts() (previously declared in /var/www/html/wp-content/plugins/complete-custom-plugin/ccp.php:17) in /var/www/html/wp-content/themes/hello-elementor-child/functions.php on line 29

2023-12-17T11:25:20+00:00 CRITICAL Cannot redeclare enqueue_custom_scripts() (previously declared in /var/www/html/wp-content/plugins/complete-custom-plugin/ccp.php:17) in /var/www/html/wp-content/themes/hello-elementor-child/functions.php on line 29

2023-12-17T11:26:35+00:00 CRITICAL Cannot redeclare enqueue_custom_scripts() (previously declared in /var/www/html/wp-content/plugins/complete-custom-plugin/ccp.php:17) in /var/www/html/wp-content/themes/hello-elementor-child/functions.php on line 29

2023-12-17T11:26:36+00:00 CRITICAL Cannot redeclare enqueue_custom_scripts() (previously declared in /var/www/html/wp-content/plugins/complete-custom-plugin/ccp.php:17) in /var/www/html/wp-content/themes/hello-elementor-child/functions.php on line 29

2023-12-18T04:47:45+00:00 CRITICAL syntax error, unexpected token "}", expecting ";" in /var/www/html/wp-content/themes/hello-elementor-child/functions.php on line 74

2023-12-18T04:47:47+00:00 CRITICAL syntax error, unexpected token "}", expecting ";" in /var/www/html/wp-content/themes/hello-elementor-child/functions.php on line 74

2023-12-18T04:47:47+00:00 CRITICAL syntax error, unexpected token "}", expecting ";" in /var/www/html/wp-content/themes/hello-elementor-child/functions.php on line 74

2023-12-18T04:47:48+00:00 CRITICAL syntax error, unexpected token "}", expecting ";" in /var/www/html/wp-content/themes/hello-elementor-child/functions.php on line 74

2023-12-18T04:47:48+00:00 CRITICAL syntax error, unexpected token "}", expecting ";" in /var/www/html/wp-content/themes/hello-elementor-child/functions.php on line 74

2023-12-18T04:47:48+00:00 CRITICAL syntax error, unexpected token "}", expecting ";" in /var/www/html/wp-content/themes/hello-elementor-child/functions.php on line 74

2023-12-18T04:48:04+00:00 CRITICAL syntax error, unexpected token "}", expecting ";" in /var/www/html/wp-content/themes/hello-elementor-child/functions.php on line 74

2023-12-18T04:48:05+00:00 CRITICAL syntax error, unexpected token "}", expecting ";" in /var/www/html/wp-content/themes/hello-elementor-child/functions.php on line 74

2023-12-18T04:48:05+00:00 CRITICAL syntax error, unexpected token "}", expecting ";" in /var/www/html/wp-content/themes/hello-elementor-child/functions.php on line 74

2023-12-18T04:48:05+00:00 CRITICAL syntax error, unexpected token "}", expecting ";" in /var/www/html/wp-content/themes/hello-elementor-child/functions.php on line 74

2023-12-18T04:48:06+00:00 CRITICAL syntax error, unexpected token "}", expecting ";" in /var/www/html/wp-content/themes/hello-elementor-child/functions.php on line 74

2023-12-18T04:48:06+00:00 CRITICAL syntax error, unexpected token "}", expecting ";" in /var/www/html/wp-content/themes/hello-elementor-child/functions.php on line 74

2023-12-18T04:48:06+00:00 CRITICAL syntax error, unexpected token "}", expecting ";" in /var/www/html/wp-content/themes/hello-elementor-child/functions.php on line 74

2023-12-18T04:48:06+00:00 CRITICAL syntax error, unexpected token "}", expecting ";" in /var/www/html/wp-content/themes/hello-elementor-child/functions.php on line 74

2023-12-18T04:48:35+00:00 CRITICAL syntax error, unexpected token "}", expecting ";" in /var/www/html/wp-content/themes/hello-elementor-child/functions.php on line 74

2023-12-18T04:48:47+00:00 CRITICAL syntax error, unexpected token "}", expecting ";" in /var/www/html/wp-content/themes/hello-elementor-child/functions.php on line 74

2023-12-18T04:48:48+00:00 CRITICAL syntax error, unexpected token "}", expecting ";" in /var/www/html/wp-content/themes/hello-elementor-child/functions.php on line 74

2023-12-18T04:48:48+00:00 CRITICAL syntax error, unexpected token "}", expecting ";" in /var/www/html/wp-content/themes/hello-elementor-child/functions.php on line 74

2023-12-18T04:48:48+00:00 CRITICAL syntax error, unexpected token "}", expecting ";" in /var/www/html/wp-content/themes/hello-elementor-child/functions.php on line 74

2023-12-18T04:48:48+00:00 CRITICAL syntax error, unexpected token "}", expecting ";" in /var/www/html/wp-content/themes/hello-elementor-child/functions.php on line 74

2023-12-18T08:42:24+00:00 CRITICAL Unclosed '{' on line 165 in /var/www/html/wp-content/themes/hello-elementor-child/functions.php on line 194

2023-12-18T08:42:28+00:00 CRITICAL Unclosed '{' on line 165 in /var/www/html/wp-content/themes/hello-elementor-child/functions.php on line 194

2023-12-18T08:42:30+00:00 CRITICAL Unclosed '{' on line 165 in /var/www/html/wp-content/themes/hello-elementor-child/functions.php on line 194

2023-12-18T08:42:41+00:00 CRITICAL Unclosed '{' on line 165 in /var/www/html/wp-content/themes/hello-elementor-child/functions.php on line 194

2023-12-18T08:42:42+00:00 CRITICAL Unclosed '{' on line 165 in /var/www/html/wp-content/themes/hello-elementor-child/functions.php on line 194

2023-12-18T08:42:42+00:00 CRITICAL Unclosed '{' on line 165 in /var/www/html/wp-content/themes/hello-elementor-child/functions.php on line 194

